2025-11-04 10:21:59 [main] INFO  com.example.Application - Applikationen har startats. Väntar på användarinteraktion.
2025-11-04 10:22:12 [main] INFO  com.example.menu.BookingMenu - Ny bokning skapad för kund: 12 vid tid: 2025-11-06T13:00
2025-11-04 10:27:08 [main] INFO  com.example.Application - Applikationen har startats. Väntar på användarinteraktion.
2025-11-04 10:27:22 [main] INFO  com.example.menu.BookingMenu - Ny bokning skapad för kund: 12 vid tid: torsdag 6 nov. 2025 kl. 13:00
2025-11-04 14:57:06 [main] INFO  com.example.Application - Applikationen har startats. Väntar på användarinteraktion.
2025-11-04 14:57:26 [main] WARN  com.example.helper.InputHelper - Ogiltig inmatning – användaren skrev inte ett heltal.
2025-11-04 14:58:36 [main] INFO  com.example.menu.BookingMenu - Ny bokning skapad för kund: 2 vid tid: Tuesday 4 Nov 2025 kl. 09:00
2025-11-04 15:02:24 [main] INFO  com.example.menu.BookingMenu - Bokning med ID 2 avbokad.
2025-11-04 15:02:41 [main] INFO  com.example.menu.BookingMenu - Bokning med ID 2 avbokad.
2025-11-04 15:02:49 [main] INFO  com.example.menu.BookingMenu - Bokning med ID 1233 avbokad.
2025-11-04 15:03:45 [main] INFO  com.example.menu.CustomerMenu - Ny kund tillagd: sdfs (ID: 2)
2025-11-04 15:03:59 [main] WARN  com.example.menu.CustomerMenu - Försökte visa kund med ID: 2 – hittades inte.
2025-11-04 15:05:01 [main] INFO  com.example.menu.AnalysisMenu - Analys: Bokningar denna vecka visade.
2025-11-05 07:37:18 [main] INFO  com.example.Application - Applikationen har startats. Väntar på användarinteraktion.
2025-11-05 18:17:18 [main] INFO  com.example.Application - Applikationen har startats. Väntar på användarinteraktion.
2025-11-05 18:17:28 [main] INFO  com.example.menu.BookingMenu - Inga bokningar hittades.
2025-11-05 18:17:37 [main] WARN  com.example.menu.CustomerMenu - Försökte visa kund med ID: 1 – hittades inte.
2025-11-05 18:17:45 [main] INFO  com.example.menu.AnalysisMenu - Analys: Bokningar denna vecka visade.
2025-11-05 14:24:34 [main] INFO  com.example.Application - Applikationen har startats. Väntar på användarinteraktion.
2025-11-05 16:42:57 [main] INFO  com.example.Application - Applikationen har startats. Väntar på användarinteraktion.
2025-11-05 16:43:43 [main] INFO  com.example.menu.BookingMenu - Inga bokningar hittades.
2025-11-05 16:44:42 [main] INFO  com.example.service.PricingService - Reparationspris satt till: 0.0 kr
2025-11-05 16:44:42 [main] INFO  com.example.menu.BookingMenu - Ny bokning skapad för kund: kostas nascos vid tid: Thursday 6 Nov 2025 kl. 13:00
2025-11-05 16:46:54 [main] INFO  com.example.Application - Applikationen har startats. Väntar på användarinteraktion.
2025-11-05 16:47:27 [main] INFO  com.example.service.PricingService - Reparationspris satt till: 0.0 kr
2025-11-05 16:47:27 [main] INFO  com.example.menu.BookingMenu - Ny bokning skapad för kund: kost nasc vid tid: Wednesday 5 Nov 2025 kl. 09:00
2025-11-05 16:47:43 [main] INFO  com.example.service.BookingService - Reparationspris satt till 200.0 kr
2025-11-05 16:47:43 [main] INFO  com.example.service.BookingService - Bokning med ID 1 är klar.
2025-11-05 16:47:43 [main] INFO  com.example.service.EmailService - Mail skickat till kost@email.com
2025-11-05 16:47:43 [main] INFO  com.example.menu.BookingMenu - Bokningen med ID 1 är markerad som klar.
2025-11-05 17:10:21 [main] INFO  com.example.Application - Applikationen har startats. Lägger till data. Väntar på användarinteraktion.
2025-11-05 17:10:21 [main] INFO  com.example.service.PricingService - Service-pris beräknat för årsmodell 2018: 1800.0 kr
2025-11-05 17:10:21 [main] INFO  com.example.service.PricingService - Reparationspris satt till: 0.0 kr
2025-11-05 17:10:21 [main] INFO  com.example.Application - Testdata: 2 bokningar tillagda.
2025-11-05 18:34:36 [main] INFO  com.example.Application - Applikationen har startats. Lägger till data. Väntar på användarinteraktion.
2025-11-05 18:34:36 [main] INFO  com.example.service.PricingService - Service-pris beräknat för årsmodell 2018: 1800.0 kr
2025-11-05 18:34:36 [main] INFO  com.example.service.PricingService - Reparationspris satt till: 0.0 kr
2025-11-05 18:34:36 [main] INFO  com.example.Application - Testdata: 2 bokningar tillagda.
2025-11-05 18:35:19 [main] INFO  com.example.menu.CustomerMenu - Ny kund tillagd: kostas (ID: 1)
2025-11-05 18:35:28 [main] WARN  com.example.menu.CustomerMenu - Försökte visa kund med ID: 1 – hittades inte.
2025-11-05 18:35:50 [main] INFO  com.example.Application - Applikationen har startats. Lägger till data. Väntar på användarinteraktion.
2025-11-05 18:35:50 [main] INFO  com.example.service.PricingService - Service-pris beräknat för årsmodell 2018: 1800.0 kr
2025-11-05 18:35:50 [main] INFO  com.example.service.PricingService - Reparationspris satt till: 0.0 kr
2025-11-05 18:35:50 [main] INFO  com.example.Application - Testdata: 2 bokningar tillagda.
2025-11-05 18:36:10 [main] INFO  com.example.menu.CustomerMenu - Ny kund tillagd: kostas (ID: 1)
2025-11-05 18:36:16 [main] WARN  com.example.menu.CustomerMenu - Försökte visa kund med ID: 1 – hittades inte.
2025-11-05 18:41:30 [main] INFO  com.example.service.BookingService - Bokning med ID 1 är klar.
2025-11-05 18:41:30 [main] INFO  com.example.service.EmailService - Mail skickat till anna@email.com
2025-11-05 18:41:30 [main] INFO  com.example.menu.BookingMenu - Bokningen med ID 1 är markerad som klar.
2025-11-05 18:44:12 [main] INFO  com.example.Application - Applikationen har startats. Lägger till data. Väntar på användarinteraktion.
2025-11-05 18:44:12 [main] INFO  com.example.service.PricingService - Service-pris beräknat för årsmodell 2018: 1800.0 kr
2025-11-05 18:44:12 [main] INFO  com.example.service.PricingService - Reparationspris satt till: 0.0 kr
2025-11-05 18:44:12 [main] INFO  com.example.service.PricingService - Besiktningspris hämtat: 550.0 kr
2025-11-05 18:44:12 [main] INFO  com.example.Application - Testdata: 3 bokningar tillagda.
2025-11-05 18:44:52 [main] INFO  com.example.Application - Applikationen har startats. Lägger till data. Väntar på användarinteraktion.
2025-11-05 18:44:52 [main] INFO  com.example.service.PricingService - Service-pris beräknat för årsmodell 2018: 1800.0 kr
2025-11-05 18:44:52 [main] INFO  com.example.service.PricingService - Reparationspris satt till: 0.0 kr
2025-11-05 18:44:52 [main] INFO  com.example.service.PricingService - Besiktningspris hämtat: 550.0 kr
2025-11-05 18:44:52 [main] INFO  com.example.Application - Testdata: 3 bokningar tillagda.
2025-11-05 18:45:10 [main] WARN  com.example.helper.InputHelper - Användaren skrev en tom sträng som input.
2025-11-05 18:45:18 [main] WARN  c.e.repository.BookingRepository - Ingen bokning med ID 5 hittades för borttagning.
2025-11-05 18:45:18 [main] WARN  com.example.menu.BookingMenu - Försökte avboka ID 5 men hittades inte.
2025-11-05 18:45:33 [main] INFO  com.example.service.BookingService - Bokning med ID 3 är klar.
2025-11-05 18:45:33 [main] INFO  com.example.service.EmailService - Mail skickat till kalle@email.com
2025-11-05 18:45:33 [main] INFO  com.example.menu.BookingMenu - Bokningen med ID 3 är markerad som klar.
